<?xml version="1.0" encoding="UTF-8"?>
<!-- Generated by org.testng.reporters.JUnitReportReporter -->
<testsuite hostname="SSI-WAFZAL-LLP" failures="0" tests="2" name="testNGDemo.CarLoan" time="0.004" errors="0" timestamp="2024-06-22T17:57:24 PKT" skipped="0">
  <testcase classname="testNGDemo.CarLoan" name="ApiLoginCarLoan" time="0.003"/>
  <system-out/>
  <testcase classname="testNGDemo.CarLoan" name="WebLoginCarLoan" time="0.001"/>
  <system-out/>
</testsuite> <!-- testNGDemo.CarLoan -->
