<?xml version="1.0" encoding="UTF-8"?>
<!-- Generated by org.testng.reporters.JUnitReportReporter -->
<testsuite hostname="SSI-WAFZAL-LLP" failures="0" tests="4" name="testNGDemo.PersonalLoan" time="0.020" errors="0" timestamp="2024-06-22T17:57:24 PKT" skipped="0">
  <testcase classname="testNGDemo.PersonalLoan" name="ApiLoginPersonalLoan" time="0.002"/>
  <system-out/>
  <testcase classname="testNGDemo.PersonalLoan" name="ApiLoginPersonalLoan" time="0.002"/>
  <system-out/>
  <testcase classname="testNGDemo.PersonalLoan" name="ApiLoginPersonalLoan" time="0.014"/>
  <system-out/>
  <testcase classname="testNGDemo.PersonalLoan" name="WebLoginPersonalLoan" time="0.002"/>
  <system-out/>
</testsuite> <!-- testNGDemo.PersonalLoan -->
