<?xml version="1.0" encoding="UTF-8"?>
<!-- Generated by org.testng.reporters.JUnitReportReporter -->
<testsuite hostname="SSI-WAFZAL-LLP" failures="0" tests="1" name="rahulshetty.ExtentReportProject.ExtentDemo" time="9.206" errors="0" timestamp="2024-07-17T18:20:28 PKT" skipped="0">
  <testcase classname="rahulshetty.ExtentReportProject.ExtentDemo" name="browserSetup" time="9.206"/>
  <system-out/>
</testsuite> <!-- rahulshetty.ExtentReportProject.ExtentDemo -->
