<?xml version="1.0" encoding="UTF-8"?>
<!-- Generated by org.testng.reporters.JUnitReportReporter -->
<testsuite hostname="SSI-WAFZAL-LLP" failures="0" tests="1" name="coreJavaPractice.Car" time="0.014" errors="0" timestamp="2024-06-22T19:05:55 PKT" skipped="0">
  <testcase classname="coreJavaPractice.Car" name="runTest" time="0.014"/>
  <system-out/>
</testsuite> <!-- coreJavaPractice.Car -->
